<?xml version="1.0" encoding="UTF-8"?>
<!-- Generated by org.testng.reporters.JUnitXMLReporter -->
<testsuite hostname="ubt" name="Surefire test" tests="30" failures="0" timestamp="6 Dec 2017 10:15:36 GMT" time="2.336" errors="0">
  <testcase name="testAdditionPositiveNumbers on testAdditionPositiveNumbers(com.finalproj.maven.test.CalculatorBasicTest)" time="0.253" classname="com.finalproj.maven.test.CalculatorBasicTest"/>
  <testcase name="testMultiplicationNegativeNumbers on testMultiplicationNegativeNumbers(com.finalproj.maven.test.CalculatorBasicTest)" time="0.146" classname="com.finalproj.maven.test.CalculatorBasicTest"/>
  <testcase name="testAdditionNegativeNumbers on testAdditionNegativeNumbers(com.finalproj.maven.test.CalculatorBasicTest)" time="0.092" classname="com.finalproj.maven.test.CalculatorBasicTest"/>
  <testcase name="testAdditionZeros on testAdditionZeros(com.finalproj.maven.test.CalculatorBasicTest)" time="0.15" classname="com.finalproj.maven.test.CalculatorBasicTest"/>
  <testcase name="testSubtractionPositiveNumbers on testSubtractionPositiveNumbers(com.finalproj.maven.test.CalculatorBasicTest)" time="0.07" classname="com.finalproj.maven.test.CalculatorBasicTest"/>
  <testcase name="testDivisionPositiveNumbers on testDivisionPositiveNumbers(com.finalproj.maven.test.CalculatorBasicTest)" time="0.082" classname="com.finalproj.maven.test.CalculatorBasicTest"/>
  <testcase name="testSubtractionNegativeNumbers on testSubtractionNegativeNumbers(com.finalproj.maven.test.CalculatorBasicTest)" time="0.075" classname="com.finalproj.maven.test.CalculatorBasicTest"/>
  <testcase name="testDivisionNegativeNumbers on testDivisionNegativeNumbers(com.finalproj.maven.test.CalculatorBasicTest)" time="0.088" classname="com.finalproj.maven.test.CalculatorBasicTest"/>
  <testcase name="testMultiplicationZeros on testMultiplicationZeros(com.finalproj.maven.test.CalculatorBasicTest)" time="0.295" classname="com.finalproj.maven.test.CalculatorBasicTest"/>
  <testcase name="testMultiplicationPositiveNumbers on testMultiplicationPositiveNumbers(com.finalproj.maven.test.CalculatorBasicTest)" time="0.019" classname="com.finalproj.maven.test.CalculatorBasicTest"/>
  <testcase name="testSubtractionZeros on testSubtractionZeros(com.finalproj.maven.test.CalculatorBasicTest)" time="0.232" classname="com.finalproj.maven.test.CalculatorBasicTest"/>
  <testcase name="testDivisionZeros on testDivisionZeros(com.finalproj.maven.test.CalculatorBasicTest)" time="0.055" classname="com.finalproj.maven.test.CalculatorBasicTest"/>
  <testcase name="testSquarePositiveNumbers on testSquarePositiveNumbers(com.finalproj.maven.test.CalculatorAdvancedTest)" time="0.043" classname="com.finalproj.maven.test.CalculatorAdvancedTest"/>
  <testcase name="testSquareNegativeNumbers on testSquareNegativeNumbers(com.finalproj.maven.test.CalculatorAdvancedTest)" time="0.037" classname="com.finalproj.maven.test.CalculatorAdvancedTest"/>
  <testcase name="testSquareRtPositiveNumbers on testSquareRtPositiveNumbers(com.finalproj.maven.test.CalculatorAdvancedTest)" time="0.053" classname="com.finalproj.maven.test.CalculatorAdvancedTest"/>
  <testcase name="testSquareRtNegativeNumbers on testSquareRtNegativeNumbers(com.finalproj.maven.test.CalculatorAdvancedTest)" time="0.034" classname="com.finalproj.maven.test.CalculatorAdvancedTest"/>
  <testcase name="testPercentageZeros on testPercentageZeros(com.finalproj.maven.test.CalculatorAdvancedTest)" time="0.094" classname="com.finalproj.maven.test.CalculatorAdvancedTest"/>
  <testcase name="testCubeZeros on testCubeZeros(com.finalproj.maven.test.CalculatorAdvancedTest)" time="0.001" classname="com.finalproj.maven.test.CalculatorAdvancedTest"/>
  <testcase name="testSquareZeros on testSquareZeros(com.finalproj.maven.test.CalculatorAdvancedTest)" time="0.003" classname="com.finalproj.maven.test.CalculatorAdvancedTest"/>
  <testcase name="testPercentagePositiveNumbers on testPercentagePositiveNumbers(com.finalproj.maven.test.CalculatorAdvancedTest)" time="0.07" classname="com.finalproj.maven.test.CalculatorAdvancedTest"/>
  <testcase name="testPercentageNegativeNumbers on testPercentageNegativeNumbers(com.finalproj.maven.test.CalculatorAdvancedTest)" time="0.041" classname="com.finalproj.maven.test.CalculatorAdvancedTest"/>
  <testcase name="testCosZeros on testCosZeros(com.finalproj.maven.test.CalculatorAdvancedTest)" time="0.0" classname="com.finalproj.maven.test.CalculatorAdvancedTest"/>
  <testcase name="testCubePositiveNumbers on testCubePositiveNumbers(com.finalproj.maven.test.CalculatorAdvancedTest)" time="0.034" classname="com.finalproj.maven.test.CalculatorAdvancedTest"/>
  <testcase name="testCubeNegativeNumbers on testCubeNegativeNumbers(com.finalproj.maven.test.CalculatorAdvancedTest)" time="0.037" classname="com.finalproj.maven.test.CalculatorAdvancedTest"/>
  <testcase name="testSinPositiveNumbers on testSinPositiveNumbers(com.finalproj.maven.test.CalculatorAdvancedTest)" time="0.022" classname="com.finalproj.maven.test.CalculatorAdvancedTest"/>
  <testcase name="testCosPositiveNumbers on testCosPositiveNumbers(com.finalproj.maven.test.CalculatorAdvancedTest)" time="0.033" classname="com.finalproj.maven.test.CalculatorAdvancedTest"/>
  <testcase name="testSinNegativeNumbers on testSinNegativeNumbers(com.finalproj.maven.test.CalculatorAdvancedTest)" time="0.019" classname="com.finalproj.maven.test.CalculatorAdvancedTest"/>
  <testcase name="testCosNegativeNumbers on testCosNegativeNumbers(com.finalproj.maven.test.CalculatorAdvancedTest)" time="0.034" classname="com.finalproj.maven.test.CalculatorAdvancedTest"/>
  <testcase name="testSinZeros on testSinZeros(com.finalproj.maven.test.CalculatorAdvancedTest)" time="0.001" classname="com.finalproj.maven.test.CalculatorAdvancedTest"/>
  <testcase name="testSquareRtZeros on testSquareRtZeros(com.finalproj.maven.test.CalculatorAdvancedTest)" time="0.013" classname="com.finalproj.maven.test.CalculatorAdvancedTest"/>
</testsuite> <!-- Surefire test -->
