<?xml version="1.0" encoding="UTF-8"?>
<testsuite name="TestSuite" time="2.104" tests="30" errors="0" skipped="0" failures="0">
  <properties>
[...]
</properties>
  <testcase name="testAdditionPositiveNumbers on testAdditionPositiveNumbers(com.finalproj.maven.test.CalculatorBasicTest)" classname="com.finalproj.maven.test.CalculatorBasicTest" time="0.244"/>
  <testcase name="testMultiplicationNegativeNumbers on testMultiplicationNegativeNumbers(com.finalproj.maven.test.CalculatorBasicTest)" classname="com.finalproj.maven.test.CalculatorBasicTest" time="0.147"/>
  <testcase name="testAdditionNegativeNumbers on testAdditionNegativeNumbers(com.finalproj.maven.test.CalculatorBasicTest)" classname="com.finalproj.maven.test.CalculatorBasicTest" time="0.092"/>
  <testcase name="testAdditionZeros on testAdditionZeros(com.finalproj.maven.test.CalculatorBasicTest)" classname="com.finalproj.maven.test.CalculatorBasicTest" time="0.155"/>
  <testcase name="testSubtractionPositiveNumbers on testSubtractionPositiveNumbers(com.finalproj.maven.test.CalculatorBasicTest)" classname="com.finalproj.maven.test.CalculatorBasicTest" time="0.07"/>
  <testcase name="testDivisionPositiveNumbers on testDivisionPositiveNumbers(com.finalproj.maven.test.CalculatorBasicTest)" classname="com.finalproj.maven.test.CalculatorBasicTest" time="0.083"/>
  <testcase name="testSubtractionNegativeNumbers on testSubtractionNegativeNumbers(com.finalproj.maven.test.CalculatorBasicTest)" classname="com.finalproj.maven.test.CalculatorBasicTest" time="0.076"/>
  <testcase name="testDivisionNegativeNumbers on testDivisionNegativeNumbers(com.finalproj.maven.test.CalculatorBasicTest)" classname="com.finalproj.maven.test.CalculatorBasicTest" time="0.088"/>
  <testcase name="testMultiplicationZeros on testMultiplicationZeros(com.finalproj.maven.test.CalculatorBasicTest)" classname="com.finalproj.maven.test.CalculatorBasicTest" time="0.295"/>
  <testcase name="testMultiplicationPositiveNumbers on testMultiplicationPositiveNumbers(com.finalproj.maven.test.CalculatorBasicTest)" classname="com.finalproj.maven.test.CalculatorBasicTest" time="0.019"/>
  <testcase name="testSubtractionZeros on testSubtractionZeros(com.finalproj.maven.test.CalculatorBasicTest)" classname="com.finalproj.maven.test.CalculatorBasicTest" time="0.232"/>
  <testcase name="testDivisionZeros on testDivisionZeros(com.finalproj.maven.test.CalculatorBasicTest)" classname="com.finalproj.maven.test.CalculatorBasicTest" time="0.055"/>
  <testcase name="testSquarePositiveNumbers on testSquarePositiveNumbers(com.finalproj.maven.test.CalculatorAdvancedTest)" classname="com.finalproj.maven.test.CalculatorAdvancedTest" time="0.038"/>
  <testcase name="testSquareNegativeNumbers on testSquareNegativeNumbers(com.finalproj.maven.test.CalculatorAdvancedTest)" classname="com.finalproj.maven.test.CalculatorAdvancedTest" time="0.036"/>
  <testcase name="testSquareRtPositiveNumbers on testSquareRtPositiveNumbers(com.finalproj.maven.test.CalculatorAdvancedTest)" classname="com.finalproj.maven.test.CalculatorAdvancedTest" time="0.053"/>
  <testcase name="testSquareRtNegativeNumbers on testSquareRtNegativeNumbers(com.finalproj.maven.test.CalculatorAdvancedTest)" classname="com.finalproj.maven.test.CalculatorAdvancedTest" time="0.034"/>
  <testcase name="testPercentageZeros on testPercentageZeros(com.finalproj.maven.test.CalculatorAdvancedTest)" classname="com.finalproj.maven.test.CalculatorAdvancedTest" time="0.093"/>
  <testcase name="testCubeZeros on testCubeZeros(com.finalproj.maven.test.CalculatorAdvancedTest)" classname="com.finalproj.maven.test.CalculatorAdvancedTest" time="0"/>
  <testcase name="testSquareZeros on testSquareZeros(com.finalproj.maven.test.CalculatorAdvancedTest)" classname="com.finalproj.maven.test.CalculatorAdvancedTest" time="0.002"/>
  <testcase name="testPercentagePositiveNumbers on testPercentagePositiveNumbers(com.finalproj.maven.test.CalculatorAdvancedTest)" classname="com.finalproj.maven.test.CalculatorAdvancedTest" time="0.07"/>
  <testcase name="testPercentageNegativeNumbers on testPercentageNegativeNumbers(com.finalproj.maven.test.CalculatorAdvancedTest)" classname="com.finalproj.maven.test.CalculatorAdvancedTest" time="0.04"/>
  <testcase name="testCosZeros on testCosZeros(com.finalproj.maven.test.CalculatorAdvancedTest)" classname="com.finalproj.maven.test.CalculatorAdvancedTest" time="0"/>
  <testcase name="testCubePositiveNumbers on testCubePositiveNumbers(com.finalproj.maven.test.CalculatorAdvancedTest)" classname="com.finalproj.maven.test.CalculatorAdvancedTest" time="0.034"/>
  <testcase name="testCubeNegativeNumbers on testCubeNegativeNumbers(com.finalproj.maven.test.CalculatorAdvancedTest)" classname="com.finalproj.maven.test.CalculatorAdvancedTest" time="0.037"/>
  <testcase name="testSinPositiveNumbers on testSinPositiveNumbers(com.finalproj.maven.test.CalculatorAdvancedTest)" classname="com.finalproj.maven.test.CalculatorAdvancedTest" time="0.022"/>
  <testcase name="testCosPositiveNumbers on testCosPositiveNumbers(com.finalproj.maven.test.CalculatorAdvancedTest)" classname="com.finalproj.maven.test.CalculatorAdvancedTest" time="0.021"/>
  <testcase name="testSinNegativeNumbers on testSinNegativeNumbers(com.finalproj.maven.test.CalculatorAdvancedTest)" classname="com.finalproj.maven.test.CalculatorAdvancedTest" time="0.018"/>
  <testcase name="testCosNegativeNumbers on testCosNegativeNumbers(com.finalproj.maven.test.CalculatorAdvancedTest)" classname="com.finalproj.maven.test.CalculatorAdvancedTest" time="0.034"/>
  <testcase name="testSinZeros on testSinZeros(com.finalproj.maven.test.CalculatorAdvancedTest)" classname="com.finalproj.maven.test.CalculatorAdvancedTest" time="0.007"/>
  <testcase name="testSquareRtZeros on testSquareRtZeros(com.finalproj.maven.test.CalculatorAdvancedTest)" classname="com.finalproj.maven.test.CalculatorAdvancedTest" time="0.009"/>
</testsuite>